make all --print-data-base --no-builtin-variables --no-builtin-rules --question
# GNU Make 3.81
# Copyright (C) 2006  Free Software Foundation, Inc.
# This is free software; see the source for copying conditions.
# There is NO warranty; not even for MERCHANTABILITY or FITNESS FOR A
# PARTICULAR PURPOSE.

# This program built for i386-apple-darwin11.3.0

# Make data base, printed on Tue Sep 27 13:28:17 2022

# Variables

# automatic
<D = $(patsubst %/,%,$(dir $<))
# automatic
?F = $(notdir $?)
# environment
LC_CTYPE = 
# automatic
?D = $(patsubst %/,%,$(dir $?))
# automatic
@D = $(patsubst %/,%,$(dir $@))
# automatic
@F = $(notdir $@)
# makefile
CURDIR := /Users/aleksandr/Desktop/ft_inception
# makefile
SHELL = /bin/sh
# environment
VSCODE_NLS_CONFIG = {"locale":"ru","availableLanguages":{},"_languagePackSupport":true}
# environment
_ = /usr/bin/make
# makefile (from `Makefile', line 1)
MAKEFILE_LIST :=  Makefile
# makefile (from `Makefile', line 5)
UP = up -d
# makefile (from `Makefile', line 4)
DOCKER_CMD_F = docker
# environment
__CFBundleIdentifier = com.microsoft.VSCode
# environment
VSCODE_CWD = /
# makefile (from `Makefile', line 3)
COMPOSE_CMD_F = docker compose -f
# environment
PATH = /Users/aleksandr/.brew/opt/openssl@3/bin:/Users/aleksandr/.brew/bin:/Library/Frameworks/Python.framework/Versions/3.10/bin:/Library/Frameworks/Python.framework/Versions/3.9/bin:/Library/Frameworks/Python.framework/Versions/3.8/bin:/usr/local/bin:/usr/bin:/bin:/usr/sbin:/sbin:/Library/Apple/usr/bin:/Applications/Postgres.app/Contents/Versions/latest/bin
# environment
LSCOLORS = Gxfxcxdxbxegedabagacad
# environment
LaunchInstanceID = A1F1B4AD-FF8A-43F2-846F-49D9863E589B
# environment
ELECTRON_RUN_AS_NODE = 1
# default
.FEATURES := target-specific order-only second-expansion else-if archives jobserver check-symlink
# environment
SSH_AUTH_SOCK = /private/tmp/com.apple.launchd.hpf9D40SLj/Listeners
# automatic
%F = $(notdir $%)
# environment
HOMEBREW_TEMP = /tmp/aleksandr/Homebrew/Temp
# environment
PWD = /Users/aleksandr/Desktop/ft_inception
# environment
ORIGINAL_XDG_CURRENT_DESKTOP = undefined
# environment
VSCODE_AMD_ENTRYPOINT = vs/workbench/api/node/extensionHostProcess
# environment
HOME = /Users/aleksandr
# default
MAKEFILEPATH = $(shell /usr/bin/xcode-select -print-path 2>/dev/null || echo /Developer)/Makefiles
# environment
VSCODE_CODE_CACHE_PATH = /Users/aleksandr/Library/Application Support/Code/CachedData/74b1f979648cc44d385a2286793c226e611f59e7
# environment
LOGNAME = aleksandr
# environment
APPLICATION_INSIGHTS_NO_DIAGNOSTIC_CHANNEL = 1
# environment
ZSH = /Users/aleksandr/.oh-my-zsh
# environment
VSCODE_HANDLES_UNCAUGHT_ERRORS = true
# automatic
^D = $(patsubst %/,%,$(dir $^))
# environment
XPC_FLAGS = 0x0
# default
MAKE = $(MAKE_COMMAND)
# default
MAKECMDGOALS := all
# environment
HOMEBREW_CACHE = /tmp/aleksandr/Homebrew/Caches
# environment
SHLVL = 1
# default
MAKE_VERSION := 3.81
# makefile (from `Makefile', line 6)
USER = aleksandr
# makefile
.DEFAULT_GOAL := all
# environment
LESS = -R
# automatic
%D = $(patsubst %/,%,$(dir $%))
# makefile (from `Makefile', line 8)
DATA_PATH = ./srcs/data
# makefile (from `Makefile', line 2)
COMPOSE_FILE = srcs/docker-compose.yml
# default
MAKE_COMMAND := /Library/Developer/CommandLineTools/usr/bin/make
# default
.VARIABLES := 
# environment
TMPDIR = /var/folders/92/8y734q4d369c461bfcp_vdhr0000gn/T/
# automatic
*F = $(notdir $*)
# environment
VSCODE_IPC_HOOK = /Users/aleksandr/Library/Application Support/Code/1.71.2-main.sock
# environment
MallocNanoZone = 0
# makefile
MAKEFLAGS = Rrqp
# environment
MFLAGS = -Rrqp
# automatic
*D = $(patsubst %/,%,$(dir $*))
# environment
XPC_SERVICE_NAME = application.com.microsoft.VSCode.79015642.79015648
# automatic
+D = $(patsubst %/,%,$(dir $+))
# automatic
+F = $(notdir $+)
# environment
__CF_USER_TEXT_ENCODING = 0x1F5:0x7:0x31
# environment
COMMAND_MODE = unix2003
# default
MAKEFILES := 
# automatic
<F = $(notdir $<)
# environment
PAGER = less
# environment
LC_ALL = C
# environment
SECURITYSESSIONID = 187b7
# automatic
^F = $(notdir $^)
# default
SUFFIXES := 
# default
.INCLUDE_DIRS = /usr/local/include
# environment
MAKELEVEL := 0
# environment
LANG = C
# environment
VSCODE_PID = 23012
# variable set hash-table stats:
# Load=72/1024=7%, Rehash=0, Collisions=1/106=1%

# Pattern-specific Variable Values

# No pattern-specific variable values.

# Directories

# . (device 16777220, inode 79267960): 7 files, no impossibilities.

# 7 files, no impossibilities in 1 directories.

# Implicit Rules

# No implicit rules.

# Files

stop:
#  Implicit rule search has not been done.
#  Modification time never checked.
#  File has not been updated.
#  commands to execute (from `Makefile', line 27):
	$(COMPOSE_CMD_F) $(COMPOSE_FILE) stop
	

redis:
#  Implicit rule search has not been done.
#  Modification time never checked.
#  File has not been updated.
#  commands to execute (from `Makefile', line 54):
	$(DOCKER_CMD_F) exec -it redis bash
	

all: up
#  Phony target (prerequisite of .PHONY).
#  Command-line target.
#  Implicit rule search has not been done.
#  File does not exist.
#  File has been updated.
#  Needs to be updated (-q is set).
# variable set hash-table stats:
# Load=0/32=0%, Rehash=0, Collisions=0/9=0%

im:
#  Implicit rule search has not been done.
#  Modification time never checked.
#  File has not been updated.
#  commands to execute (from `Makefile', line 36):
	$(COMPOSE_CMD_F) $(COMPOSE_FILE) images
	

in:
#  Implicit rule search has not been done.
#  Modification time never checked.
#  File has not been updated.
#  commands to execute (from `Makefile', line 42):
	$(DOCKER_CMD_F) exec -it $$($(DOCKER_CMD_F) ps -q) /bin/bash
	

net:
#  Implicit rule search has not been done.
#  Modification time never checked.
#  File has not been updated.
#  commands to execute (from `Makefile', line 67):
	$(DOCKER_CMD_F) network inspect srcs_app
	

.PHONY: all build ps down
#  Implicit rule search has not been done.
#  Modification time never checked.
#  File has not been updated.

up:
#  Implicit rule search has not been done.
#  Implicit/static pattern stem: `'
#  File does not exist.
#  File has been updated.
#  Needs to be updated (-q is set).
# automatic
# @ := up
# automatic
# % := 
# automatic
# * := 
# automatic
# + := 
# automatic
# | := 
# automatic
# < := 
# automatic
# ^ := 
# automatic
# ? := 
# variable set hash-table stats:
# Load=8/32=25%, Rehash=0, Collisions=4/17=24%
#  commands to execute (from `Makefile', line 18):
	@mkdir -p $(DATA_PATH)/db-data
	@mkdir -p $(DATA_PATH)/wp
	@mkdir -p $(DATA_PATH)/adminer
	@mkdir -p $(DATA_PATH)/portainer
	@echo "volume dirs was created!"
	@$(COMPOSE_CMD_F) $(COMPOSE_FILE) $(UP) --build
	

wp:
#  Implicit rule search has not been done.
#  Modification time never checked.
#  File has not been updated.
#  commands to execute (from `Makefile', line 51):
	$(DOCKER_CMD_F) exec -it wordpress bash
	

# Not a target:
.SUFFIXES:
#  Implicit rule search has not been done.
#  Modification time never checked.
#  File has not been updated.

# Not a target:
Makefile:
#  Implicit rule search has been done.
#  Last modified 2022-09-26 19:49:05
#  File has been updated.
#  Successfully updated.
# variable set hash-table stats:
# Load=0/32=0%, Rehash=0, Collisions=0/0=0%

port:
#  Implicit rule search has not been done.
#  Modification time never checked.
#  File has not been updated.
#  commands to execute (from `Makefile', line 64):
	$(DOCKER_CMD_F) exec -it portainer bash
	

build:
#  Phony target (prerequisite of .PHONY).
#  Implicit rule search has not been done.
#  File does not exist.
#  File has not been updated.
#  commands to execute (from `Makefile', line 15):
	$(COMPOSE_CMD_F) $(COMPOSE_FILE) build
	

fclean: down rm
#  Implicit rule search has not been done.
#  Modification time never checked.
#  File has not been updated.
#  commands to execute (from `Makefile', line 81):
	$(DOCKER_CMD_F) volume rm -f $$($(DOCKER_CMD_F) volume ls -q)
	$(DOCKER_CMD_F) system prune -a --force
	$(DOCKER_CMD_F) system prune -f --volumes
	rm -rf  $(DATA_PATH)/wp
	rm -rf  $(DATA_PATH)/db-data
	rm -rf  $(DATA_PATH)/adminer
	rm -rf  $(DATA_PATH)/portainer
	rm -rf $(DATA_PATH)
	

# Not a target:
.DEFAULT:
 
#  Implicit rule search has not been done.
#  Modification time never checked.
#  File has not been updated.

adm:
#  Implicit rule search has not been done.
#  Modification time never checked.
#  File has not been updated.
#  commands to execute (from `Makefile', line 61):
	$(DOCKER_CMD_F) exec -it adminer bash
	

re: down clean build up
#  Implicit rule search has not been done.
#  Modification time never checked.
#  File has not been updated.

clean: down rm
#  Implicit rule search has not been done.
#  Modification time never checked.
#  File has not been updated.
#  commands to execute (from `Makefile', line 71):
	$(DOCKER_CMD_F) volume rm -f $$($(DOCKER_CMD_F) volume ls -q)
	# $(DOCKER_CMD_F) system prune -f --volumes
	rm -rf $(DATA_PATH)
	# rm -rf  $(DATA_PATH)/wp
	# rm -rf  $(DATA_PATH)/db-data
	# rm -rf  $(DATA_PATH)/adminer
	# rm -rf  $(DATA_PATH)/portainer
	

rm: down
#  Implicit rule search has not been done.
#  Modification time never checked.
#  File has not been updated.
#  commands to execute (from `Makefile', line 39):
	$(COMPOSE_CMD_F) $(COMPOSE_FILE) rm
	

mariadb:
#  Implicit rule search has not been done.
#  Modification time never checked.
#  File has not been updated.
#  commands to execute (from `Makefile', line 45):
	$(DOCKER_CMD_F) exec -it mariadb bash
	

ftp:
#  Implicit rule search has not been done.
#  Modification time never checked.
#  File has not been updated.
#  commands to execute (from `Makefile', line 58):
	$(DOCKER_CMD_F) exec -it ftp bash
	

nginx:
#  Implicit rule search has not been done.
#  Modification time never checked.
#  File has not been updated.
#  commands to execute (from `Makefile', line 48):
	$(DOCKER_CMD_F) exec -it nginx bash
	

down: stop
#  Phony target (prerequisite of .PHONY).
#  Implicit rule search has not been done.
#  File does not exist.
#  File has not been updated.
#  commands to execute (from `Makefile', line 33):
	$(COMPOSE_CMD_F) $(COMPOSE_FILE) down
	

ps:
#  Phony target (prerequisite of .PHONY).
#  Implicit rule search has not been done.
#  File does not exist.
#  File has not been updated.
#  commands to execute (from `Makefile', line 30):
	$(COMPOSE_CMD_F) $(COMPOSE_FILE)  ps -a
	

# files hash-table stats:
# Load=24/1024=2%, Rehash=0, Collisions=3/53=6%
# VPATH Search Paths

# No `vpath' search paths.

# No general (`VPATH' variable) search path.

# # of strings in strcache: 1
# # of strcache buffers: 1
# strcache size: total = 4096 / max = 4096 / min = 4096 / avg = 4096
# strcache free: total = 4087 / max = 4087 / min = 4087 / avg = 4087

# Finished Make data base on Tue Sep 27 13:28:17 2022

 
